Using pre-set license
Built from '2021.1/staging' branch; Version is '2021.1.0b1 (9f7c487dd2da) revision 10452040'; Using compiler version '192528614'; Build Type 'Release'
OS: 'Windows 10 Pro; OS build 19041.685; Version 2004; 64bit' Language: 'en' Physical Memory: 65410 MB
BatchMode: 1, IsHumanControllingUs: 0, StartBugReporterOnCrash: 0, Is64bit: 1, IsPro: 0

 COMMAND LINE ARGUMENTS:
C:\Program Files\Unity\Hub\Editor\2021.1.0b1\Editor\Unity.exe
-adb2
-batchMode
-noUpm
-name
AssetImportWorker0
-projectPath
C:/Users/adams/CODE/Unity/FlappyAgents
-logFile
Logs/AssetImportWorker0.log
-srvPort
49319
Successfully changed project path to: C:/Users/adams/CODE/Unity/FlappyAgents
C:/Users/adams/CODE/Unity/FlappyAgents
Using Asset Import Pipeline V2.
Refreshing native plugins compatible for Editor in 82.41 ms, found 2 plugins.
Preloading 0 native plugins for Editor in 0.00 ms.
Initialize engine version: 2021.1.0b1 (9f7c487dd2da)
[Subsystems] Discovering subsystems at path C:/Program Files/Unity/Hub/Editor/2021.1.0b1/Editor/Data/Resources/UnitySubsystems
[Subsystems] Discovering subsystems at path C:/Users/adams/CODE/Unity/FlappyAgents/Assets
GfxDevice: creating device client; threaded=0; jobified=0
Direct3D:
    Version:  Direct3D 11.0 [level 11.1]
    Renderer: NVIDIA GeForce RTX 2080 SUPER (ID=0x1e81)
    Vendor:   NVIDIA
    VRAM:     8010 MB
    Driver:   27.21.14.6089
Initialize mono
Mono path[0] = 'C:/Program Files/Unity/Hub/Editor/2021.1.0b1/Editor/Data/Managed'
Mono path[1] = 'C:/Program Files/Unity/Hub/Editor/2021.1.0b1/Editor/Data/MonoBleedingEdge/lib/mono/unityjit'
Mono config path = 'C:/Program Files/Unity/Hub/Editor/2021.1.0b1/Editor/Data/MonoBleedingEdge/etc'
Using monoOptions --debugger-agent=transport=dt_socket,embedding=1,server=y,suspend=n,address=127.0.0.1:56512
Begin MonoManager ReloadAssembly
Registering precompiled unity dll's ...
Register platform support module: C:/Program Files/Unity/Hub/Editor/2021.1.0b1/Editor/Data/PlaybackEngines/WindowsStandaloneSupport/UnityEditor.WindowsStandalone.Extensions.dll
Registered in 0.001581 seconds.
Native extension for WindowsStandalone target not found
Refreshing native plugins compatible for Editor in 79.05 ms, found 2 plugins.
Preloading 0 native plugins for Editor in 0.00 ms.
Mono: successfully reloaded assembly
- Completed reload, in  0.964 seconds
Platform modules already initialized, skipping
Registering precompiled user dll's ...
Registered in 0.002207 seconds.
Begin MonoManager ReloadAssembly
Native extension for WindowsStandalone target not found
Refreshing native plugins compatible for Editor in 82.34 ms, found 2 plugins.
Preloading 0 native plugins for Editor in 0.00 ms.
Mono: successfully reloaded assembly
- Completed reload, in  0.954 seconds
Platform modules already initialized, skipping
========================================================================
Worker process is ready to serve import requests
Launched and connected shader compiler UnityShaderCompiler.exe after 0.04 seconds
Refreshing native plugins compatible for Editor in 0.86 ms, found 2 plugins.
Preloading 0 native plugins for Editor in 0.00 ms.
Unloading 3355 Unused Serialized files (Serialized files now loaded: 0)
System memory in use before: 259.3 MB.
System memory in use after: 259.4 MB.

Unloading 29 unused Assets to reduce memory usage. Loaded Objects now: 3804.
Total: 2.755200 ms (FindLiveObjects: 0.397300 ms CreateObjectMapping: 0.092400 ms MarkObjects: 2.127000 ms  DeleteObjects: 0.137700 ms)

========================================================================
Received Import Request.
  path: Assets/README.md
  artifactKey: Guid(29b762011a09d174aae49b1346d76879) Importer(815301076,1909f56bfc062723c751e8b465ee728b)
Start importing Assets/README.md using Guid(29b762011a09d174aae49b1346d76879) Importer(815301076,1909f56bfc062723c751e8b465ee728b)  -> (artifact id: 'ae8e20ec1fc105a6df6a5041dfe84a08') in 0.033104 seconds 
========================================================================
Received Import Request.
  Time since last request: 0.012996 seconds.
  path: Assets/LICENSE
  artifactKey: Guid(311bf9f5618f9da4895f7483df8c7ce4) Importer(815301076,1909f56bfc062723c751e8b465ee728b)
Start importing Assets/LICENSE using Guid(311bf9f5618f9da4895f7483df8c7ce4) Importer(815301076,1909f56bfc062723c751e8b465ee728b)  -> (artifact id: '8e706665bfd83800573fe6f452846864') in 0.005683 seconds 
========================================================================
Received Import Request.
  Time since last request: 0.013790 seconds.
  path: Assets/FlappyAgents.unity
  artifactKey: Guid(09a87aa093dd74a4a8945135ffa37f83) Importer(815301076,1909f56bfc062723c751e8b465ee728b)
Start importing Assets/FlappyAgents.unity using Guid(09a87aa093dd74a4a8945135ffa37f83) Importer(815301076,1909f56bfc062723c751e8b465ee728b)  -> (artifact id: '3c64dd808ee6911b306886ac6a7f902c') in 0.006704 seconds 
